<?xml version="1.0" encoding="UTF-8"?>
<!-- Generated by org.testng.reporters.JUnitReportReporter -->
<testsuite hostname="DESKTOP-LQSVVBR" failures="0" tests="3" name="TestNG_Anootations_Demo.Class_Three" time="0.014" errors="0" timestamp="2023-05-09T13:52:15 IST" skipped="0">
  <testcase classname="TestNG_Anootations_Demo.Class_Three" name="classTwoTest1" time="0.002"/>
  <system-out/>
  <testcase classname="TestNG_Anootations_Demo.Class_Three" name="classTwoTest2" time="0.009"/>
  <system-out/>
  <testcase classname="TestNG_Anootations_Demo.Class_Three" name="classTwoTest3" time="0.003"/>
  <system-out/>
</testsuite> <!-- TestNG_Anootations_Demo.Class_Three -->
