<?xml version="1.0" encoding="UTF-8"?>
<!-- Generated by org.testng.reporters.JUnitReportReporter -->
<testsuite hostname="DESKTOP-LQSVVBR" failures="0" tests="1" name="CaptureScreenshots.screenshotCapture" time="11.317" errors="0" timestamp="2023-05-17T17:04:40 IST" skipped="0">
  <testcase classname="CaptureScreenshots.screenshotCapture" name="capture" time="11.317"/>
  <system-out/>
</testsuite> <!-- CaptureScreenshots.screenshotCapture -->
