<?xml version="1.0" encoding="UTF-8"?>
<!-- Generated by org.testng.reporters.JUnitReportReporter -->
<testsuite hostname="DESKTOP-LQSVVBR" failures="0" tests="1" name="TestNG_Assertions.Login_Demo" time="14.389" errors="0" timestamp="2023-05-11T16:31:13 IST" skipped="0">
  <testcase classname="TestNG_Assertions.Login_Demo" name="myLoginTest" time="14.389"/>
  <system-out/>
</testsuite> <!-- TestNG_Assertions.Login_Demo -->
