<?xml version="1.0" encoding="UTF-8"?>
<!-- Generated by org.testng.reporters.JUnitReportReporter -->
<testsuite hostname="DESKTOP-LQSVVBR" failures="0" tests="3" name="TestNG_RealProject.SkipTestCase_TestNG" time="0.018" errors="0" timestamp="2023-05-09T16:40:40 IST" skipped="1">
  <testcase classname="TestNG_RealProject.SkipTestCase_TestNG" name="classOneTest1" time="0.015"/>
  <system-out/>
  <testcase classname="TestNG_RealProject.SkipTestCase_TestNG" name="classOneTest3" time="0.003"/>
  <system-out/>
  <testcase classname="TestNG_RealProject.SkipTestCase_TestNG" name="classOneTest2">
    <skipped/>
  </testcase> <!-- classOneTest2 -->
  <system-out/>
</testsuite> <!-- TestNG_RealProject.SkipTestCase_TestNG -->
