<?xml version="1.0" encoding="UTF-8"?>
<!-- Generated by org.testng.reporters.JUnitReportReporter -->
<testsuite hostname="DESKTOP-LQSVVBR" failures="0" tests="3" name="DataProvider_TestNG.LoginDataProvider_PavanMethod" time="45.430" errors="0" timestamp="2023-05-12T15:55:34 IST" skipped="0">
  <testcase classname="DataProvider_TestNG.LoginDataProvider_PavanMethod" name="dataProviderTest1" time="13.868"/>
  <system-out/>
  <testcase classname="DataProvider_TestNG.LoginDataProvider_PavanMethod" name="dataProviderTest1" time="14.219"/>
  <system-out/>
  <testcase classname="DataProvider_TestNG.LoginDataProvider_PavanMethod" name="dataProviderTest1" time="17.343"/>
  <system-out/>
</testsuite> <!-- DataProvider_TestNG.LoginDataProvider_PavanMethod -->
