<?xml version="1.0" encoding="UTF-8"?>
<!-- Generated by org.testng.reporters.JUnitReportReporter -->
<testsuite hostname="DESKTOP-LQSVVBR" failures="0" tests="3" name="TestNG_disableMethods.Class_Three" time="0.009" errors="0" timestamp="2023-05-09T17:19:09 IST" skipped="0">
  <testcase classname="TestNG_disableMethods.Class_Three" name="classTwoTest2" time="0.004"/>
  <system-out/>
  <testcase classname="TestNG_disableMethods.Class_Three" name="classTwoTest3" time="0.003"/>
  <system-out/>
  <testcase classname="TestNG_disableMethods.Class_Three" name="classTwoTest1" time="0.002"/>
  <system-out/>
</testsuite> <!-- TestNG_disableMethods.Class_Three -->
