<?xml version="1.0" encoding="UTF-8"?>
<!-- Generated by org.testng.reporters.JUnitReportReporter -->
<testsuite hostname="DESKTOP-LQSVVBR" failures="0" tests="1" name="TestNG_Groups_disable.Class_One" time="0.018" errors="0" timestamp="2023-05-09T17:40:47 IST" skipped="0">
  <testcase classname="TestNG_Groups_disable.Class_One" name="classOneTest2" time="0.018"/>
  <system-out/>
</testsuite> <!-- TestNG_Groups_disable.Class_One -->
