<?xml version="1.0" encoding="UTF-8"?>
<!-- Generated by org.testng.reporters.JUnitReportReporter -->
<testsuite hostname="DESKTOP-LQSVVBR" failures="0" tests="3" name="TestNG_RealProject.JobSites" time="15.035" errors="0" timestamp="2023-05-18T07:03:56 IST" skipped="0">
  <testcase classname="TestNG_RealProject.JobSites" name="naukri" time="5.548"/>
  <system-out/>
  <testcase classname="TestNG_RealProject.JobSites" name="shine" time="2.252"/>
  <system-out/>
  <testcase classname="TestNG_RealProject.JobSites" name="foundit" time="7.235"/>
  <system-out/>
</testsuite> <!-- TestNG_RealProject.JobSites -->
