<?xml version="1.0" encoding="UTF-8"?>
<!-- Generated by org.testng.reporters.JUnitReportReporter -->
<testsuite hostname="DESKTOP-LQSVVBR" failures="0" tests="3" name="TestNG_Parametarisation.Class_One" time="0.014" errors="0" timestamp="2023-05-09T21:34:37 IST" skipped="0">
  <testcase classname="TestNG_Parametarisation.Class_One" name="classOneTest2" time="0.003"/>
  <system-out/>
  <testcase classname="TestNG_Parametarisation.Class_One" name="classOneTest1" time="0.009"/>
  <system-out/>
  <testcase classname="TestNG_Parametarisation.Class_One" name="classOneTest3" time="0.002"/>
  <system-out/>
</testsuite> <!-- TestNG_Parametarisation.Class_One -->
