<?xml version="1.0" encoding="UTF-8"?>
<!-- Generated by org.testng.reporters.JUnitReportReporter -->
<testsuite hostname="DESKTOP-LQSVVBR" failures="0" tests="2" name="TestNG_RealProject.TutorialSites" time="4.060" errors="0" timestamp="2023-05-18T07:03:56 IST" skipped="0">
  <testcase classname="TestNG_RealProject.TutorialSites" name="java" time="2.584"/>
  <system-out/>
  <testcase classname="TestNG_RealProject.TutorialSites" name="w3Schools" time="1.476"/>
  <system-out/>
</testsuite> <!-- TestNG_RealProject.TutorialSites -->
