<?xml version="1.0" encoding="UTF-8"?>
<!-- Generated by org.testng.reporters.JUnitReportReporter -->
<testsuite hostname="DESKTOP-LQSVVBR" failures="0" tests="4" name="DataProvider_TestNG.LoginDataProvider_UsingExcelSheet" time="49.509" errors="0" timestamp="2023-05-16T13:25:09 IST" skipped="0">
  <testcase classname="DataProvider_TestNG.LoginDataProvider_UsingExcelSheet" name="excelTest1" time="17.170"/>
  <system-out/>
  <testcase classname="DataProvider_TestNG.LoginDataProvider_UsingExcelSheet" name="excelTest1" time="8.601"/>
  <system-out/>
  <testcase classname="DataProvider_TestNG.LoginDataProvider_UsingExcelSheet" name="excelTest1" time="14.778"/>
  <system-out/>
  <testcase classname="DataProvider_TestNG.LoginDataProvider_UsingExcelSheet" name="excelTest1" time="8.960"/>
  <system-out/>
</testsuite> <!-- DataProvider_TestNG.LoginDataProvider_UsingExcelSheet -->
