<?xml version="1.0" encoding="UTF-8"?>
<!-- Generated by org.testng.reporters.JUnitReportReporter -->
<testsuite hostname="DESKTOP-LQSVVBR" failures="0" tests="1" name="PageObjectModel.RegistrationTest.Login_Test" time="13.777" errors="0" timestamp="2023-05-24T20:19:57 IST" skipped="0">
  <testcase classname="PageObjectModel.RegistrationTest.Login_Test" name="verifylogintest" time="13.777"/>
  <system-out/>
</testsuite> <!-- PageObjectModel.RegistrationTest.Login_Test -->
