<?xml version="1.0" encoding="UTF-8"?>
<!-- Generated by org.testng.reporters.JUnitReportReporter -->
<testsuite hostname="DESKTOP-LQSVVBR" failures="0" tests="4" name="DataProvider_TestNG.LoginDataProvider" time="53.504" errors="0" timestamp="2023-05-16T13:14:32 IST" skipped="0">
  <testcase classname="DataProvider_TestNG.LoginDataProvider" name="myTest1" time="14.963"/>
  <system-out/>
  <testcase classname="DataProvider_TestNG.LoginDataProvider" name="myTest1" time="12.798"/>
  <system-out/>
  <testcase classname="DataProvider_TestNG.LoginDataProvider" name="myTest1" time="11.789"/>
  <system-out/>
  <testcase classname="DataProvider_TestNG.LoginDataProvider" name="myTest1" time="13.954"/>
  <system-out/>
</testsuite> <!-- DataProvider_TestNG.LoginDataProvider -->
