<?xml version="1.0" encoding="UTF-8"?>
<!-- Generated by org.testng.reporters.JUnitReportReporter -->
<testsuite hostname="DESKTOP-LQSVVBR" failures="0" tests="4" name="DataProvider_TestNG.LoginWithMultipleSetofData" time="50.695" errors="0" timestamp="2023-05-16T13:17:33 IST" skipped="0">
  <testcase classname="DataProvider_TestNG.LoginWithMultipleSetofData" name="verfiyLoginCredentials" time="11.531"/>
  <system-out/>
  <testcase classname="DataProvider_TestNG.LoginWithMultipleSetofData" name="verfiyLoginCredentials" time="7.190"/>
  <system-out/>
  <testcase classname="DataProvider_TestNG.LoginWithMultipleSetofData" name="verfiyLoginCredentials" time="19.177"/>
  <system-out/>
  <testcase classname="DataProvider_TestNG.LoginWithMultipleSetofData" name="verfiyLoginCredentials" time="12.797"/>
  <system-out/>
</testsuite> <!-- DataProvider_TestNG.LoginWithMultipleSetofData -->
