<?xml version="1.0" encoding="UTF-8"?>
<!-- Generated by org.testng.reporters.JUnitReportReporter -->
<testsuite hostname="DESKTOP-LQSVVBR" failures="0" tests="4" name="TestNG_RealProject.PrioritySequence_TestNG" time="7.761" errors="0" timestamp="2023-05-09T16:20:32 IST" skipped="0">
  <testcase classname="TestNG_RealProject.PrioritySequence_TestNG" name="gmail" time="2.339"/>
  <system-out/>
  <testcase classname="TestNG_RealProject.PrioritySequence_TestNG" name="twitter" time="1.948"/>
  <system-out/>
  <testcase classname="TestNG_RealProject.PrioritySequence_TestNG" name="faceBook" time="1.800"/>
  <system-out/>
  <testcase classname="TestNG_RealProject.PrioritySequence_TestNG" name="instagram" time="1.674"/>
  <system-out/>
</testsuite> <!-- TestNG_RealProject.PrioritySequence_TestNG -->
