<?xml version="1.0" encoding="UTF-8"?>
<!-- Generated by org.testng.reporters.JUnitReportReporter -->
<testsuite hostname="DESKTOP-LQSVVBR" failures="0" tests="3" name="Extent_Reports.LoginTestExtentReport" time="34.624" errors="0" timestamp="2023-05-24T19:49:39 IST" skipped="0">
  <testcase classname="Extent_Reports.LoginTestExtentReport" name="reportlogin" time="10.396"/>
  <system-out/>
  <testcase classname="Extent_Reports.LoginTestExtentReport" name="reportlogin2" time="9.880"/>
  <system-out/>
  <testcase classname="Extent_Reports.LoginTestExtentReport" name="reportlogin1" time="14.348"/>
  <system-out/>
</testsuite> <!-- Extent_Reports.LoginTestExtentReport -->
