<?xml version="1.0" encoding="UTF-8"?>
<!-- Generated by org.testng.reporters.JUnitReportReporter -->
<testsuite hostname="DESKTOP-LQSVVBR" failures="0" tests="3" name="CaptureScreenshots.screenshotCapture2" time="35.217" errors="0" timestamp="2023-05-18T06:38:52 IST" skipped="0">
  <testcase classname="CaptureScreenshots.screenshotCapture2" name="capture2" time="9.880"/>
  <system-out/>
  <testcase classname="CaptureScreenshots.screenshotCapture2" name="capture1" time="12.189"/>
  <system-out/>
  <testcase classname="CaptureScreenshots.screenshotCapture2" name="capture" time="13.148"/>
  <system-out/>
</testsuite> <!-- CaptureScreenshots.screenshotCapture2 -->
