<?xml version="1.0" encoding="UTF-8"?>
<!-- Generated by org.testng.reporters.JUnitReportReporter -->
<testsuite hostname="DESKTOP-LQSVVBR" failures="0" tests="1" name="TestNG_disableMethods.Class_One" time="0.015" errors="0" timestamp="2023-05-09T17:19:09 IST" skipped="0">
  <testcase classname="TestNG_disableMethods.Class_One" name="classOneTest2" time="0.015"/>
  <system-out/>
</testsuite> <!-- TestNG_disableMethods.Class_One -->
