<?xml version="1.0" encoding="UTF-8"?>
<!-- Generated by org.testng.reporters.JUnitReportReporter -->
<testsuite hostname="DESKTOP-LQSVVBR" failures="0" tests="3" name="Extent_Reports.ExceptionTest2" time="24.953" errors="0" timestamp="2023-05-17T17:21:52 IST" skipped="0">
  <testcase classname="Extent_Reports.ExceptionTest2" name="reportloginTest2" time="7.591"/>
  <system-out/>
  <testcase classname="Extent_Reports.ExceptionTest2" name="reportloginTest1" time="8.352"/>
  <system-out/>
  <testcase classname="Extent_Reports.ExceptionTest2" name="reportloginTest" time="9.010"/>
  <system-out/>
</testsuite> <!-- Extent_Reports.ExceptionTest2 -->
