<?xml version="1.0" encoding="UTF-8"?>
<!-- Generated by org.testng.reporters.JUnitReportReporter -->
<testsuite hostname="DESKTOP-LQSVVBR" failures="0" tests="3" name="TestNG_Demo.Class_One" time="0.023" errors="0" timestamp="2023-05-16T14:01:03 IST" skipped="0">
  <testcase classname="TestNG_Demo.Class_One" name="classOneTest2" time="0.006"/>
  <system-out/>
  <testcase classname="TestNG_Demo.Class_One" name="classOneTest3" time="0.002"/>
  <system-out/>
  <testcase classname="TestNG_Demo.Class_One" name="classOneTest1" time="0.015"/>
  <system-out/>
</testsuite> <!-- TestNG_Demo.Class_One -->
